# JRE version: Java(TM) SE Runtime Environment (11.0.5+10) (build 11.0.5+10-LTS)
# Java VM: Java HotSpot(TM) 64-Bit Server VM (11.0.5+10-LTS, mixed mode, tiered, compressed oops, g1 gc, windows-amd64)
Heap:
 garbage-first heap   total 189440K, used 25436K [0x0000000081a00000, 0x0000000100000000)
  region size 1024K, 12 young (12288K), 12 survivors (12288K)
 Metaspace       used 43698K, capacity 44919K, committed 45104K, reserved 1089536K
  class space    used 5521K, capacity 5989K, committed 6016K, reserved 1048576K
GC Heap History (10 events):
Event: 4.101 GC heap after
{Heap after GC invocations=7 (full 0):
 garbage-first heap   total 131072K, used 12934K [0x0000000081a00000, 0x0000000100000000)
  region size 1024K, 4 young (4096K), 4 survivors (4096K)
 Metaspace       used 21722K, capacity 22319K, committed 22448K, reserved 1069056K
  class space    used 2519K, capacity 2736K, committed 2816K, reserved 1048576K
}
Event: 5.028 GC heap before
{Heap before GC invocations=7 (full 0):
 garbage-first heap   total 131072K, used 81542K [0x0000000081a00000, 0x0000000100000000)
  region size 1024K, 71 young (72704K), 4 survivors (4096K)
 Metaspace       used 22246K, capacity 22888K, committed 23088K, reserved 1069056K
  class space    used 2599K, capacity 2858K, committed 2944K, reserved 1048576K
}
Event: 5.040 GC heap after
{Heap after GC invocations=8 (full 0):
 garbage-first heap   total 157696K, used 13825K [0x0000000081a00000, 0x0000000100000000)
  region size 1024K, 5 young (5120K), 5 survivors (5120K)
 Metaspace       used 22246K, capacity 22888K, committed 23088K, reserved 1069056K
  class space    used 2599K, capacity 2858K, committed 2944K, reserved 1048576K
}
Event: 6.823 GC heap before
{Heap before GC invocations=8 (full 0):
 garbage-first heap   total 157696K, used 94721K [0x0000000081a00000, 0x0000000100000000)
  region size 1024K, 84 young (86016K), 5 survivors (5120K)
 Metaspace       used 29489K, capacity 30478K, committed 30640K, reserved 1075200K
  class space    used 3636K, capacity 3994K, committed 4096K, reserved 1048576K
}
Event: 6.835 GC heap after
{Heap after GC invocations=9 (full 0):
 garbage-first heap   total 157696K, used 17486K [0x0000000081a00000, 0x0000000100000000)
  region size 1024K, 9 young (9216K), 9 survivors (9216K)
 Metaspace       used 29489K, capacity 30478K, committed 30640K, reserved 1075200K
  class space    used 3636K, capacity 3994K, committed 4096K, reserved 1048576K
}
Event: 7.074 GC heap before
{Heap before GC invocations=9 (full 0):
 garbage-first heap   total 157696K, used 101454K [0x0000000081a00000, 0x0000000100000000)
  region size 1024K, 92 young (94208K), 9 survivors (9216K)
 Metaspace       used 31677K, capacity 32723K, committed 32944K, reserved 1077248K
  class space    used 3845K, capacity 4230K, committed 4352K, reserved 1048576K
}
Event: 7.088 GC heap after
{Heap after GC invocations=10 (full 0):
 garbage-first heap   total 157696K, used 18743K [0x0000000081a00000, 0x0000000100000000)
  region size 1024K, 7 young (7168K), 7 survivors (7168K)
 Metaspace       used 31677K, capacity 32723K, committed 32944K, reserved 1077248K
  class space    used 3845K, capacity 4230K, committed 4352K, reserved 1048576K
}
Event: 7.692 GC heap before
{Heap before GC invocations=10 (full 0):
 garbage-first heap   total 157696K, used 60727K [0x0000000081a00000, 0x0000000100000000)
  region size 1024K, 50 young (51200K), 7 survivors (7168K)
 Metaspace       used 34710K, capacity 35751K, committed 35888K, reserved 1081344K
  class space    used 4214K, capacity 4660K, committed 4736K, reserved 1048576K
}
Event: 7.706 GC heap after
{Heap after GC invocations=11 (full 0):
 garbage-first heap   total 157696K, used 19881K [0x0000000081a00000, 0x0000000100000000)
  region size 1024K, 8 young (8192K), 8 survivors (8192K)
 Metaspace       used 34710K, capacity 35751K, committed 35888K, reserved 1081344K
  class space    used 4214K, capacity 4660K, committed 4736K, reserved 1048576K
}
Event: 8.834 GC heap before
{Heap before GC invocations=12 (full 0):
 garbage-first heap   total 157696K, used 104873K [0x0000000081a00000, 0x0000000100000000)
  region size 1024K, 92 young (94208K), 8 survivors (8192K)
 Metaspace       used 43698K, capacity 44919K, committed 45104K, reserved 1089536K
  class space    used 5521K, capacity 5989K, committed 6016K, reserved 1048576K
}

