# JRE version: Java(TM) SE Runtime Environment (11.0.5+10) (build 11.0.5+10-LTS)
# Java VM: Java HotSpot(TM) 64-Bit Server VM (11.0.5+10-LTS, mixed mode, tiered, compressed oops, g1 gc, windows-amd64)
Heap:
 garbage-first heap   total 189440K, used 28010K [0x0000000081a00000, 0x0000000100000000)
  region size 1024K, 10 young (10240K), 10 survivors (10240K)
 Metaspace       used 55353K, capacity 56841K, committed 57008K, reserved 1099776K
  class space    used 7069K, capacity 7665K, committed 7680K, reserved 1048576K
GC Heap History (10 events):
Event: 3.837 GC heap after
{Heap after GC invocations=7 (full 0):
 garbage-first heap   total 131072K, used 12205K [0x0000000081a00000, 0x0000000100000000)
  region size 1024K, 5 young (5120K), 5 survivors (5120K)
 Metaspace       used 21944K, capacity 22664K, committed 22960K, reserved 1069056K
  class space    used 2543K, capacity 2810K, committed 2816K, reserved 1048576K
}
Event: 4.688 GC heap before
{Heap before GC invocations=7 (full 0):
 garbage-first heap   total 131072K, used 84909K [0x0000000081a00000, 0x0000000100000000)
  region size 1024K, 76 young (77824K), 5 survivors (5120K)
 Metaspace       used 24233K, capacity 25065K, committed 25136K, reserved 1071104K
  class space    used 2881K, capacity 3200K, committed 3200K, reserved 1048576K
}
Event: 4.699 GC heap after
{Heap after GC invocations=8 (full 0):
 garbage-first heap   total 157696K, used 13354K [0x0000000081a00000, 0x0000000100000000)
  region size 1024K, 6 young (6144K), 6 survivors (6144K)
 Metaspace       used 24233K, capacity 25065K, committed 25136K, reserved 1071104K
  class space    used 2881K, capacity 3200K, committed 3200K, reserved 1048576K
}
Event: 5.915 GC heap before
{Heap before GC invocations=8 (full 0):
 garbage-first heap   total 157696K, used 100394K [0x0000000081a00000, 0x0000000100000000)
  region size 1024K, 92 young (94208K), 6 survivors (6144K)
 Metaspace       used 30855K, capacity 31857K, committed 32048K, reserved 1077248K
  class space    used 3737K, capacity 4115K, committed 4224K, reserved 1048576K
}
Event: 5.927 GC heap after
{Heap after GC invocations=9 (full 0):
 garbage-first heap   total 157696K, used 17007K [0x0000000081a00000, 0x0000000100000000)
  region size 1024K, 9 young (9216K), 9 survivors (9216K)
 Metaspace       used 30855K, capacity 31857K, committed 32048K, reserved 1077248K
  class space    used 3737K, capacity 4115K, committed 4224K, reserved 1048576K
}
Event: 6.584 GC heap before
{Heap before GC invocations=9 (full 0):
 garbage-first heap   total 157696K, used 95855K [0x0000000081a00000, 0x0000000100000000)
  region size 1024K, 88 young (90112K), 9 survivors (9216K)
 Metaspace       used 34762K, capacity 35785K, committed 35888K, reserved 1081344K
  class space    used 4197K, capacity 4636K, committed 4736K, reserved 1048576K
}
Event: 6.606 GC heap after
{Heap after GC invocations=10 (full 0):
 garbage-first heap   total 157696K, used 18761K [0x0000000081a00000, 0x0000000100000000)
  region size 1024K, 8 young (8192K), 8 survivors (8192K)
 Metaspace       used 34762K, capacity 35785K, committed 35888K, reserved 1081344K
  class space    used 4197K, capacity 4636K, committed 4736K, reserved 1048576K
}
Event: 7.947 GC heap before
{Heap before GC invocations=11 (full 0):
 garbage-first heap   total 157696K, used 104777K [0x0000000081a00000, 0x0000000100000000)
  region size 1024K, 92 young (94208K), 8 survivors (8192K)
 Metaspace       used 47021K, capacity 48316K, committed 48560K, reserved 1091584K
  class space    used 5878K, capacity 6366K, committed 6400K, reserved 1048576K
}
Event: 7.966 GC heap after
{Heap after GC invocations=12 (full 0):
 garbage-first heap   total 157696K, used 24996K [0x0000000081a00000, 0x0000000100000000)
  region size 1024K, 12 young (12288K), 12 survivors (12288K)
 Metaspace       used 47021K, capacity 48316K, committed 48560K, reserved 1091584K
  class space    used 5878K, capacity 6366K, committed 6400K, reserved 1048576K
}
Event: 9.518 GC heap before
{Heap before GC invocations=12 (full 0):
 garbage-first heap   total 157696K, used 106916K [0x0000000081a00000, 0x0000000100000000)
  region size 1024K, 92 young (94208K), 12 survivors (12288K)
 Metaspace       used 55353K, capacity 56841K, committed 57008K, reserved 1099776K
  class space    used 7069K, capacity 7665K, committed 7680K, reserved 1048576K
}

